0 info it worked if it ends with ok
1 verbose cli [ 'node', '/usr/local/bin/npm', 'run-script', 'start-app' ]
2 info using npm@2.11.3
3 info using node@v0.12.7
4 verbose run-script [ 'prestart-app', 'start-app', 'poststart-app' ]
5 info prestart-app ShapeConnector@1.2.0
6 info start-app ShapeConnector@1.2.0
7 verbose unsafe-perm in lifecycle true
8 info ShapeConnector@1.2.0 Failed to exec start-app script
9 verbose stack Error: ShapeConnector@1.2.0 start-app: `webpack --progress --colors --watch`
9 verbose stack Exit status 1
9 verbose stack     at EventEmitter.<anonymous> (/usr/local/lib/node_modules/npm/lib/utils/lifecycle.js:213:16)
9 verbose stack     at EventEmitter.emit (events.js:110:17)
9 verbose stack     at ChildProcess.<anonymous> (/usr/local/lib/node_modules/npm/lib/utils/spawn.js:24:14)
9 verbose stack     at ChildProcess.emit (events.js:110:17)
9 verbose stack     at maybeClose (child_process.js:1015:16)
9 verbose stack     at Process.ChildProcess._handle.onexit (child_process.js:1087:5)
10 verbose pkgid ShapeConnector@1.2.0
11 verbose cwd /Users/thalidanoel/Repos/ShapeConnector
12 error Darwin 15.2.0
13 error argv "node" "/usr/local/bin/npm" "run-script" "start-app"
14 error node v0.12.7
15 error npm  v2.11.3
16 error code ELIFECYCLE
17 error ShapeConnector@1.2.0 start-app: `webpack --progress --colors --watch`
17 error Exit status 1
18 error Failed at the ShapeConnector@1.2.0 start-app script 'webpack --progress --colors --watch'.
18 error This is most likely a problem with the ShapeConnector package,
18 error not with npm itself.
18 error Tell the author that this fails on your system:
18 error     webpack --progress --colors --watch
18 error You can get their info via:
18 error     npm owner ls ShapeConnector
18 error There is likely additional logging output above.
19 verbose exit [ 1, true ]
